2021-08-16 19:17:05,996 [-] [main]  INFO SampleAxis2ServerManager [SimpleAxisServer] Starting
2021-08-16 19:17:06,467 [-] [main]  INFO JMSSender JMS Sender started
2021-08-16 19:17:06,469 [-] [main]  INFO JMSSender JMS Transport Sender initialized...
2021-08-16 19:17:06,512 [-] [main]  INFO HttpCoreNIOSender HTTP Sender starting
2021-08-16 19:17:06,514 [-] [main]  INFO HttpCoreNIOSSLSender Loading Identity Keystore from : ../../lib/identity.jks
2021-08-16 19:17:06,553 [-] [main]  INFO HttpCoreNIOSSLSender Loading Trust Keystore from : ../../lib/trust.jks
2021-08-16 19:17:06,667 [-] [main]  INFO HttpCoreNIOSender HTTPS Sender starting
2021-08-16 19:17:06,680 [-] [main]  INFO HttpCoreNIOSSLListener Loading Identity Keystore from : ../../lib/identity.jks
2021-08-16 19:17:06,681 [-] [main]  INFO HttpCoreNIOSSLListener Loading Trust Keystore from : ../../lib/trust.jks
2021-08-16 19:17:06,699 [-] [main]  INFO HttpCoreNIOListener HTTP Listener started on port : 9000
2021-08-16 19:17:06,699 [-] [main]  INFO MailTransportListener MAILTO listener started
2021-08-16 19:17:06,701 [-] [main]  INFO HttpCoreNIOListener HTTPS Listener started on port : 9002
2021-08-16 19:17:06,701 [-] [main]  INFO SampleAxis2ServerManager [SimpleAxisServer] Started
2021-08-16 19:17:09,227 [-] [Thread-4]  INFO SampleAxis2Server Shutting down SimpleAxisServer ...
2021-08-16 19:17:09,230 [-] [HttpCoreNIOListener]  INFO HttpCoreNIOListener HTTP Listener Shutdown
2021-08-16 19:17:09,233 [-] [Thread-3]  INFO MailTransportListener MAILTO Listener Shutdown
2021-08-16 19:17:09,235 [-] [HttpCoreNIOListener]  INFO HttpCoreNIOListener HTTPS Listener Shutdown
2021-08-16 19:17:09,236 [-] [Thread-3]  INFO JMSSender JMS Sender Shutdown
2021-08-16 19:17:09,238 [-] [HttpCoreNIOSender]  INFO HttpCoreNIOSender HTTP Sender Shutdown
2021-08-16 19:17:09,240 [-] [HttpCoreNIOSender]  INFO HttpCoreNIOSender HTTPS Sender Shutdown
2021-08-16 19:17:09,252 [-] [Thread-4]  INFO SampleAxis2Server Shutdown complete
2021-08-16 19:17:09,252 [-] [Thread-4]  INFO SampleAxis2Server Halting JVM
2021-08-16 19:18:19,797 [-] [main]  INFO SampleAxis2ServerManager [SimpleAxisServer] Starting
2021-08-16 19:18:20,278 [-] [main]  INFO JMSSender JMS Sender started
2021-08-16 19:18:20,279 [-] [main]  INFO JMSSender JMS Transport Sender initialized...
2021-08-16 19:18:20,325 [-] [main]  INFO HttpCoreNIOSender HTTP Sender starting
2021-08-16 19:18:20,326 [-] [main]  INFO HttpCoreNIOSSLSender Loading Identity Keystore from : ../../lib/identity.jks
2021-08-16 19:18:20,367 [-] [main]  INFO HttpCoreNIOSSLSender Loading Trust Keystore from : ../../lib/trust.jks
2021-08-16 19:18:20,489 [-] [main]  INFO HttpCoreNIOSender HTTPS Sender starting
2021-08-16 19:18:20,585 [-] [main]  INFO HttpCoreNIOSSLListener Loading Identity Keystore from : ../../lib/identity.jks
2021-08-16 19:18:20,586 [-] [main]  INFO HttpCoreNIOSSLListener Loading Trust Keystore from : ../../lib/trust.jks
2021-08-16 19:18:20,602 [-] [main]  INFO HttpCoreNIOListener HTTP Listener started on port : 9000
2021-08-16 19:18:20,602 [-] [main]  INFO MailTransportListener MAILTO listener started
2021-08-16 19:18:20,603 [-] [main]  WARN MailTransportListener Unable to configure the service SimpleStockQuoteService for the MAILTO transport: Service doesn't have configuration information for transport mailto. This service is being marked as faulty and will not be available over the MAILTO transport.
2021-08-16 19:18:20,603 [-] [main]  WARN MailTransportListener Disabling the mailto transport for the service SimpleStockQuoteService, because it is not configured properly for the service
2021-08-16 19:18:20,606 [-] [main]  INFO HttpCoreNIOListener HTTPS Listener started on port : 9002
2021-08-16 19:18:20,606 [-] [main]  INFO SampleAxis2ServerManager [SimpleAxisServer] Started
2021-08-16 20:08:46,402 [-] [Thread-4]  INFO SampleAxis2Server Shutting down SimpleAxisServer ...
2021-08-16 20:08:46,404 [-] [HttpCoreNIOListener]  INFO HttpCoreNIOListener HTTP Listener Shutdown
2021-08-16 20:08:46,408 [-] [Thread-3]  INFO MailTransportListener MAILTO Listener Shutdown
2021-08-16 20:08:46,410 [-] [Thread-3] ERROR MailTransportListener Unable to stop service : SimpleStockQuoteService - unable to find the corresponding protocol endpoint
2021-08-16 20:08:46,412 [-] [HttpCoreNIOListener]  INFO HttpCoreNIOListener HTTPS Listener Shutdown
2021-08-16 20:08:46,414 [-] [Thread-3]  INFO JMSSender JMS Sender Shutdown
2021-08-16 20:08:46,418 [-] [HttpCoreNIOSender]  INFO HttpCoreNIOSender HTTP Sender Shutdown
2021-08-16 20:08:46,421 [-] [HttpCoreNIOSender]  INFO HttpCoreNIOSender HTTPS Sender Shutdown
2021-08-16 20:08:46,430 [-] [Thread-4]  INFO SampleAxis2Server Shutdown complete
2021-08-16 20:08:46,431 [-] [Thread-4]  INFO SampleAxis2Server Halting JVM
