-  - Mon, 16 Aug 2021 13:51:07 GMT "- - " 200 - "-" "-"
localhost:8280 - - - "POST / HTTP/1.1" - - "-" "Axis2"
-  - Mon, 16 Aug 2021 13:51:07 GMT "- - " 200 - "-" "-"
localhost:9000 - - - "POST /services/SimpleStockQuoteService.SimpleStockQuoteServiceHttpSoap11Endpoint HTTP/1.1" - - "-" "Synapse-PT-HttpComponents-NIO"
127.0.0.1:8280 - - - "GET /stockquote/view/IBM HTTP/1.1" - - "-" "curl/7.68.0"
localhost:9000 - - - "POST /services/SimpleStockQuoteService HTTP/1.1" - - "-" "Synapse-PT-HttpComponents-NIO"
-  - Mon, 16 Aug 2021 14:27:43 GMT "- - " 200 - "-" "-"
-  - Mon, 16 Aug 2021 14:27:43 GMT "- - " 200 - "-" "-"
127.0.0.1:8280 - - - "GET /stockquote/view/IBM HTTP/1.1" - - "-" "curl/7.68.0"
-  - Mon, 16 Aug 2021 15:23:15 GMT "- - " 200 - "-" "-"
localhost:9000 - - - "POST /services/SimpleStockQuoteService HTTP/1.1" - - "-" "Synapse-PT-HttpComponents-NIO"
-  - Mon, 16 Aug 2021 15:23:15 GMT "- - " 200 - "-" "-"
-  - Mon, 16 Aug 2021 15:25:40 GMT "- - " 200 - "-" "-"
127.0.0.1:8280 - - - "GET /stockquote/view/IBM HTTP/1.1" - - "-" "curl/7.68.0"
-  - Mon, 16 Aug 2021 15:25:40 GMT "- - " 200 - "-" "-"
localhost:9000 - - - "POST /services/SimpleStockQuoteService HTTP/1.1" - - "-" "Synapse-PT-HttpComponents-NIO"
localhost:8280 - - - "POST / HTTP/1.1" - - "-" "Axis2"
-  - Mon, 16 Aug 2021 15:26:43 GMT "- - " 202 - "-" "-"
-  - Mon, 16 Aug 2021 15:28:51 GMT "- - " 200 - "-" "-"
127.0.0.1:8280 - - - "GET /stockquote/view/IBM HTTP/1.1" - - "-" "curl/7.68.0"
-  - Mon, 16 Aug 2021 15:28:51 GMT "- - " 200 - "-" "-"
localhost:9000 - - - "POST /services/SimpleStockQuoteService.SimpleStockQuoteServiceHttpSoap11Endpoint HTTP/1.1" - - "-" "Synapse-PT-HttpComponents-NIO"
localhost:8280 - - - "POST / HTTP/1.1" - - "-" "Axis2"
localhost:9000 - - - "POST /services/SimpleStockQuoteService.SimpleStockQuoteServiceHttpSoap11Endpoint HTTP/1.1" - - "-" "Synapse-PT-HttpComponents-NIO"
