2021-08-16 19:16:00,040 [-] [main]  INFO SynapseServer Starting Apache Synapse...
2021-08-16 19:16:00,051 [-] [main]  INFO SynapseControllerFactory Using Synapse home : /media/nuwan/Data2/Projects/Code/gsoc/packs/synapse-3.0.2-SNAPSHOT
2021-08-16 19:16:00,052 [-] [main]  INFO SynapseControllerFactory Using Axis2 repository : /media/nuwan/Data2/Projects/Code/gsoc/packs/synapse-3.0.2-SNAPSHOT/repository
2021-08-16 19:16:00,052 [-] [main]  INFO SynapseControllerFactory Using axis2.xml location : /media/nuwan/Data2/Projects/Code/gsoc/packs/synapse-3.0.2-SNAPSHOT/repository/conf/axis2.xml
2021-08-16 19:16:00,052 [-] [main]  INFO SynapseControllerFactory Using synapse.xml location : /media/nuwan/Data2/Projects/Code/gsoc/packs/synapse-3.0.2-SNAPSHOT/repository/conf/sample/synapse_sample_56.xml
2021-08-16 19:16:00,052 [-] [main]  INFO SynapseControllerFactory Using server name : localhost
2021-08-16 19:16:00,065 [-] [main]  INFO SynapseControllerFactory The timeout handler will run every : 15s
2021-08-16 19:16:00,131 [-] [main]  INFO Axis2SynapseController Initializing Synapse at : Mon Aug 16 19:16:00 IST 2021
2021-08-16 19:16:00,649 [-] [main]  INFO JMSSender JMS Sender started
2021-08-16 19:16:00,651 [-] [main]  INFO JMSSender JMS Transport Sender initialized...
2021-08-16 19:16:00,651 [-] [main]  INFO VFSTransportSender VFS Sender started
2021-08-16 19:16:00,742 [-] [main]  INFO PassThroughHttpSender Pass-through HTTP sender started...
2021-08-16 19:16:00,744 [-] [main]  INFO PassThroughHttpSSLSender Loading Identity Keystore from : lib/identity.jks
2021-08-16 19:16:00,781 [-] [main]  INFO PassThroughHttpSSLSender Loading Trust Keystore from : lib/trust.jks
2021-08-16 19:16:00,892 [-] [main]  INFO PassThroughHttpSSLSender Pass-through HTTPS sender started...
2021-08-16 19:16:00,982 [-] [main]  INFO PassThroughHttpSSLListener Loading Identity Keystore from : lib/identity.jks
2021-08-16 19:16:00,983 [-] [main]  INFO PassThroughHttpSSLListener Loading Trust Keystore from : lib/trust.jks
2021-08-16 19:16:00,987 [-] [main]  INFO Axis2SynapseController Loading mediator extensions...
2021-08-16 19:16:00,999 [-] [main]  INFO XMLConfigurationBuilder Generating the Synapse configuration model by parsing the XML configuration
2021-08-16 19:16:01,181 [-] [main]  INFO SynapseConfigurationBuilder Loaded Synapse configuration from : /media/nuwan/Data2/Projects/Code/gsoc/packs/synapse-3.0.2-SNAPSHOT/repository/conf/sample/synapse_sample_56.xml
2021-08-16 19:16:01,212 [-] [main]  INFO Axis2SynapseController Deploying the Synapse service...
2021-08-16 19:16:01,226 [-] [main]  INFO Axis2SynapseController Deploying Proxy services...
2021-08-16 19:16:01,226 [-] [main]  INFO Axis2SynapseController Deploying EventSources...
2021-08-16 19:16:01,235 [-] [main]  INFO PassThroughHttpListener Starting pass-through HTTP listener...
2021-08-16 19:16:01,249 [-] [main]  INFO PassThroughHttpListener Pass-through HTTP listener started on port: 8280
2021-08-16 19:16:01,249 [-] [main]  INFO PassThroughHttpSSLListener Starting pass-through HTTPS listener...
2021-08-16 19:16:01,251 [-] [main]  INFO PassThroughHttpSSLListener Pass-through HTTPS listener started on port: 8243
2021-08-16 19:16:01,251 [-] [main]  INFO Axis2SynapseController Management using JMX available via: service:jmx:rmi:///jndi/rmi://nuwan-Aspire-A315-55G:1099/synapse
2021-08-16 19:16:01,253 [-] [main]  INFO TimeoutHandler This engine will expire all callbacks after : 180 seconds, irrespective of the timeout action, after the specified or optional timeout
2021-08-16 19:16:01,254 [-] [main]  INFO ServerManager Server ready for processing...
2021-08-16 19:16:01,254 [-] [main]  INFO SynapseServer Apache Synapse started successfully
2021-08-16 19:16:06,499 [-] [Thread-3]  INFO SynapseServer Shutting down Apache Synapse...
2021-08-16 19:16:06,503 [-] [Thread-3]  INFO SynapseTaskManager Shutting down the task manager
2021-08-16 19:16:06,504 [-] [Thread-3]  INFO PassThroughHttpListener Stopping pass-through HTTP listener..
2021-08-16 19:16:06,507 [-] [Thread-3]  INFO PassThroughHttpSSLListener Stopping pass-through HTTPS listener..
2021-08-16 19:16:06,508 [-] [PassThroughHTTPListener]  INFO PassThroughHttpListener HTTP listener shutdown.
2021-08-16 19:16:06,509 [-] [PassThroughHTTPSListener]  INFO PassThroughHttpSSLListener HTTPS listener shutdown.
2021-08-16 19:16:06,510 [-] [Thread-3]  INFO JMSSender JMS Sender Shutdown
2021-08-16 19:16:06,512 [-] [Thread-3]  INFO VFSTransportSender VFS Sender Shutdown
2021-08-16 19:16:06,514 [-] [PassThroughHTTPSender]  INFO PassThroughHttpSender HTTP sender shutdown
2021-08-16 19:16:06,517 [-] [PassThroughHTTPSSender]  INFO PassThroughHttpSSLSender HTTPS sender shutdown
2021-08-16 19:16:06,518 [-] [Thread-3]  INFO Axis2SynapseController Undeploying the Synapse service...
2021-08-16 19:16:06,519 [-] [Thread-3]  INFO Axis2SynapseController Undeploying Proxy services...
2021-08-16 19:16:06,519 [-] [Thread-3]  INFO Axis2SynapseController Undeploying EventSources...
2021-08-16 19:16:06,524 [-] [Thread-3]  INFO JmxAdapter JMXConnectorServer stopping on service:jmx:rmi:///jndi/rmi://nuwan-Aspire-A315-55G:1099/synapse
2021-08-16 19:16:06,529 [-] [Thread-3]  INFO RMIRegistryController Removing the RMI registry bound to port : 1099
2021-08-16 19:16:06,537 [-] [Thread-3]  INFO SynapseServer Apache Synapse shutdown complete
2021-08-16 19:16:06,538 [-] [Thread-3]  INFO SynapseServer Halting JVM
2021-08-16 19:16:11,318 [-] [main]  INFO SynapseServer Starting Apache Synapse...
2021-08-16 19:16:11,329 [-] [main]  INFO SynapseControllerFactory Using Synapse home : /media/nuwan/Data2/Projects/Code/gsoc/packs/synapse-3.0.2-SNAPSHOT
2021-08-16 19:16:11,329 [-] [main]  INFO SynapseControllerFactory Using Axis2 repository : /media/nuwan/Data2/Projects/Code/gsoc/packs/synapse-3.0.2-SNAPSHOT/repository
2021-08-16 19:16:11,330 [-] [main]  INFO SynapseControllerFactory Using axis2.xml location : /media/nuwan/Data2/Projects/Code/gsoc/packs/synapse-3.0.2-SNAPSHOT/repository/conf/axis2.xml
2021-08-16 19:16:11,330 [-] [main]  INFO SynapseControllerFactory Using synapse.xml location : /media/nuwan/Data2/Projects/Code/gsoc/packs/synapse-3.0.2-SNAPSHOT/repository/conf/sample/synapse_sample_802.xml
2021-08-16 19:16:11,330 [-] [main]  INFO SynapseControllerFactory Using server name : localhost
2021-08-16 19:16:11,340 [-] [main]  INFO SynapseControllerFactory The timeout handler will run every : 15s
2021-08-16 19:16:11,401 [-] [main]  INFO Axis2SynapseController Initializing Synapse at : Mon Aug 16 19:16:11 IST 2021
2021-08-16 19:16:11,909 [-] [main]  INFO JMSSender JMS Sender started
2021-08-16 19:16:11,911 [-] [main]  INFO JMSSender JMS Transport Sender initialized...
2021-08-16 19:16:11,911 [-] [main]  INFO VFSTransportSender VFS Sender started
2021-08-16 19:16:12,002 [-] [main]  INFO PassThroughHttpSender Pass-through HTTP sender started...
2021-08-16 19:16:12,003 [-] [main]  INFO PassThroughHttpSSLSender Loading Identity Keystore from : lib/identity.jks
2021-08-16 19:16:12,043 [-] [main]  INFO PassThroughHttpSSLSender Loading Trust Keystore from : lib/trust.jks
2021-08-16 19:16:12,159 [-] [main]  INFO PassThroughHttpSSLSender Pass-through HTTPS sender started...
2021-08-16 19:16:12,258 [-] [main]  INFO PassThroughHttpSSLListener Loading Identity Keystore from : lib/identity.jks
2021-08-16 19:16:12,259 [-] [main]  INFO PassThroughHttpSSLListener Loading Trust Keystore from : lib/trust.jks
2021-08-16 19:16:12,263 [-] [main]  INFO Axis2SynapseController Loading mediator extensions...
2021-08-16 19:16:12,275 [-] [main]  INFO XMLConfigurationBuilder Generating the Synapse configuration model by parsing the XML configuration
2021-08-16 19:16:12,448 [-] [main]  INFO SynapseConfigurationBuilder Loaded Synapse configuration from : /media/nuwan/Data2/Projects/Code/gsoc/packs/synapse-3.0.2-SNAPSHOT/repository/conf/sample/synapse_sample_802.xml
2021-08-16 19:16:12,478 [-] [main]  INFO Axis2SynapseController Deploying the Synapse service...
2021-08-16 19:16:12,491 [-] [main]  INFO Axis2SynapseController Deploying Proxy services...
2021-08-16 19:16:12,492 [-] [main]  INFO Axis2SynapseController Deploying EventSources...
2021-08-16 19:16:12,501 [-] [main]  INFO PassThroughHttpListener Starting pass-through HTTP listener...
2021-08-16 19:16:12,515 [-] [main]  INFO PassThroughHttpListener Pass-through HTTP listener started on port: 8280
2021-08-16 19:16:12,515 [-] [main]  INFO PassThroughHttpSSLListener Starting pass-through HTTPS listener...
2021-08-16 19:16:12,517 [-] [main]  INFO PassThroughHttpSSLListener Pass-through HTTPS listener started on port: 8243
2021-08-16 19:16:12,517 [-] [main]  INFO Axis2SynapseController Management using JMX available via: service:jmx:rmi:///jndi/rmi://nuwan-Aspire-A315-55G:1099/synapse
2021-08-16 19:16:12,519 [-] [main]  INFO TimeoutHandler This engine will expire all callbacks after : 180 seconds, irrespective of the timeout action, after the specified or optional timeout
2021-08-16 19:16:12,520 [-] [main]  INFO ServerManager Server ready for processing...
2021-08-16 19:16:12,521 [-] [main]  INFO SynapseServer Apache Synapse started successfully
2021-08-16 19:16:17,806 [-] [Thread-3]  INFO SynapseServer Shutting down Apache Synapse...
2021-08-16 19:16:17,810 [-] [Thread-3]  INFO SynapseTaskManager Shutting down the task manager
2021-08-16 19:16:17,810 [-] [Thread-3]  INFO PassThroughHttpListener Stopping pass-through HTTP listener..
2021-08-16 19:16:17,811 [-] [Thread-3]  INFO PassThroughHttpSSLListener Stopping pass-through HTTPS listener..
2021-08-16 19:16:17,811 [-] [PassThroughHTTPListener]  INFO PassThroughHttpListener HTTP listener shutdown.
2021-08-16 19:16:17,811 [-] [PassThroughHTTPSListener]  INFO PassThroughHttpSSLListener HTTPS listener shutdown.
2021-08-16 19:16:17,811 [-] [Thread-3]  INFO JMSSender JMS Sender Shutdown
2021-08-16 19:16:17,812 [-] [Thread-3]  INFO VFSTransportSender VFS Sender Shutdown
2021-08-16 19:16:17,812 [-] [PassThroughHTTPSender]  INFO PassThroughHttpSender HTTP sender shutdown
2021-08-16 19:16:17,812 [-] [PassThroughHTTPSSender]  INFO PassThroughHttpSSLSender HTTPS sender shutdown
2021-08-16 19:16:17,813 [-] [Thread-3]  INFO Axis2SynapseController Undeploying the Synapse service...
2021-08-16 19:16:17,813 [-] [Thread-3]  INFO Axis2SynapseController Undeploying Proxy services...
2021-08-16 19:16:17,813 [-] [Thread-3]  INFO Axis2SynapseController Undeploying EventSources...
2021-08-16 19:16:17,814 [-] [Thread-3]  INFO JmxAdapter JMXConnectorServer stopping on service:jmx:rmi:///jndi/rmi://nuwan-Aspire-A315-55G:1099/synapse
2021-08-16 19:16:17,815 [-] [Thread-3]  INFO RMIRegistryController Removing the RMI registry bound to port : 1099
2021-08-16 19:16:17,817 [-] [Thread-3]  INFO SynapseServer Apache Synapse shutdown complete
2021-08-16 19:16:17,817 [-] [Thread-3]  INFO SynapseServer Halting JVM
2021-08-16 19:18:58,487 [-] [main]  INFO SynapseServer Starting Apache Synapse...
2021-08-16 19:18:58,498 [-] [main]  INFO SynapseControllerFactory Using Synapse home : /media/nuwan/Data2/Projects/Code/gsoc/packs/synapse-3.0.2-SNAPSHOT
2021-08-16 19:18:58,498 [-] [main]  INFO SynapseControllerFactory Using Axis2 repository : /media/nuwan/Data2/Projects/Code/gsoc/packs/synapse-3.0.2-SNAPSHOT/repository
2021-08-16 19:18:58,498 [-] [main]  INFO SynapseControllerFactory Using axis2.xml location : /media/nuwan/Data2/Projects/Code/gsoc/packs/synapse-3.0.2-SNAPSHOT/repository/conf/axis2.xml
2021-08-16 19:18:58,499 [-] [main]  INFO SynapseControllerFactory Using synapse.xml location : /media/nuwan/Data2/Projects/Code/gsoc/packs/synapse-3.0.2-SNAPSHOT/repository/conf/sample/synapse_sample_802.xml
2021-08-16 19:18:58,499 [-] [main]  INFO SynapseControllerFactory Using server name : localhost
2021-08-16 19:18:58,513 [-] [main]  INFO SynapseControllerFactory The timeout handler will run every : 15s
2021-08-16 19:18:58,576 [-] [main]  INFO Axis2SynapseController Initializing Synapse at : Mon Aug 16 19:18:58 IST 2021
2021-08-16 19:18:59,089 [-] [main]  INFO JMSSender JMS Sender started
2021-08-16 19:18:59,091 [-] [main]  INFO JMSSender JMS Transport Sender initialized...
2021-08-16 19:18:59,091 [-] [main]  INFO VFSTransportSender VFS Sender started
2021-08-16 19:18:59,185 [-] [main]  INFO PassThroughHttpSender Pass-through HTTP sender started...
2021-08-16 19:18:59,187 [-] [main]  INFO PassThroughHttpSSLSender Loading Identity Keystore from : lib/identity.jks
2021-08-16 19:18:59,226 [-] [main]  INFO PassThroughHttpSSLSender Loading Trust Keystore from : lib/trust.jks
2021-08-16 19:18:59,348 [-] [main]  INFO PassThroughHttpSSLSender Pass-through HTTPS sender started...
2021-08-16 19:18:59,440 [-] [main]  INFO PassThroughHttpSSLListener Loading Identity Keystore from : lib/identity.jks
2021-08-16 19:18:59,441 [-] [main]  INFO PassThroughHttpSSLListener Loading Trust Keystore from : lib/trust.jks
2021-08-16 19:18:59,445 [-] [main]  INFO Axis2SynapseController Loading mediator extensions...
2021-08-16 19:18:59,457 [-] [main]  INFO XMLConfigurationBuilder Generating the Synapse configuration model by parsing the XML configuration
2021-08-16 19:18:59,634 [-] [main]  INFO SynapseConfigurationBuilder Loaded Synapse configuration from : /media/nuwan/Data2/Projects/Code/gsoc/packs/synapse-3.0.2-SNAPSHOT/repository/conf/sample/synapse_sample_802.xml
2021-08-16 19:18:59,665 [-] [main]  INFO Axis2SynapseController Deploying the Synapse service...
2021-08-16 19:18:59,680 [-] [main]  INFO Axis2SynapseController Deploying Proxy services...
2021-08-16 19:18:59,680 [-] [main]  INFO Axis2SynapseController Deploying EventSources...
2021-08-16 19:18:59,689 [-] [main]  INFO PassThroughHttpListener Starting pass-through HTTP listener...
2021-08-16 19:18:59,703 [-] [main]  INFO PassThroughHttpListener Pass-through HTTP listener started on port: 8280
2021-08-16 19:18:59,703 [-] [main]  INFO PassThroughHttpSSLListener Starting pass-through HTTPS listener...
2021-08-16 19:18:59,705 [-] [main]  INFO PassThroughHttpSSLListener Pass-through HTTPS listener started on port: 8243
2021-08-16 19:18:59,705 [-] [main]  INFO Axis2SynapseController Management using JMX available via: service:jmx:rmi:///jndi/rmi://nuwan-Aspire-A315-55G:1099/synapse
2021-08-16 19:18:59,707 [-] [main]  INFO TimeoutHandler This engine will expire all callbacks after : 180 seconds, irrespective of the timeout action, after the specified or optional timeout
2021-08-16 19:18:59,708 [-] [main]  INFO ServerManager Server ready for processing...
2021-08-16 19:18:59,708 [-] [main]  INFO SynapseServer Apache Synapse started successfully
2021-08-16 19:57:24,888 [-] [Thread-3]  INFO SynapseServer Shutting down Apache Synapse...
2021-08-16 19:57:24,893 [-] [Thread-3]  INFO SynapseTaskManager Shutting down the task manager
2021-08-16 19:57:24,893 [-] [Thread-3]  INFO PassThroughHttpListener Stopping pass-through HTTP listener..
2021-08-16 19:57:24,896 [-] [Thread-3]  INFO PassThroughHttpSSLListener Stopping pass-through HTTPS listener..
2021-08-16 19:57:24,896 [-] [PassThroughHTTPListener]  INFO PassThroughHttpListener HTTP listener shutdown.
2021-08-16 19:57:24,898 [-] [PassThroughHTTPSListener]  INFO PassThroughHttpSSLListener HTTPS listener shutdown.
2021-08-16 19:57:24,899 [-] [Thread-3]  INFO JMSSender JMS Sender Shutdown
2021-08-16 19:57:24,900 [-] [Thread-3]  INFO VFSTransportSender VFS Sender Shutdown
2021-08-16 19:57:24,902 [-] [PassThroughHTTPSender]  INFO PassThroughHttpSender HTTP sender shutdown
2021-08-16 19:57:24,903 [-] [PassThroughHTTPSSender]  INFO PassThroughHttpSSLSender HTTPS sender shutdown
2021-08-16 19:57:24,904 [-] [Thread-3]  INFO Axis2SynapseController Undeploying the Synapse service...
2021-08-16 19:57:24,905 [-] [Thread-3]  INFO Axis2SynapseController Undeploying Proxy services...
2021-08-16 19:57:24,905 [-] [Thread-3]  INFO Axis2SynapseController Undeploying EventSources...
2021-08-16 19:57:24,909 [-] [Thread-3]  INFO JmxAdapter JMXConnectorServer stopping on service:jmx:rmi:///jndi/rmi://nuwan-Aspire-A315-55G:1099/synapse
2021-08-16 19:57:24,916 [-] [Thread-3]  INFO RMIRegistryController Removing the RMI registry bound to port : 1099
2021-08-16 19:57:24,926 [-] [Thread-3]  INFO SynapseServer Apache Synapse shutdown complete
2021-08-16 19:57:24,927 [-] [Thread-3]  INFO SynapseServer Halting JVM
2021-08-16 19:57:27,492 [-] [main]  INFO SynapseServer Starting Apache Synapse...
2021-08-16 19:57:27,503 [-] [main]  INFO SynapseControllerFactory Using Synapse home : /media/nuwan/Data2/Projects/Code/gsoc/packs/synapse-3.0.2-SNAPSHOT
2021-08-16 19:57:27,504 [-] [main]  INFO SynapseControllerFactory Using Axis2 repository : /media/nuwan/Data2/Projects/Code/gsoc/packs/synapse-3.0.2-SNAPSHOT/repository
2021-08-16 19:57:27,504 [-] [main]  INFO SynapseControllerFactory Using axis2.xml location : /media/nuwan/Data2/Projects/Code/gsoc/packs/synapse-3.0.2-SNAPSHOT/repository/conf/axis2.xml
2021-08-16 19:57:27,504 [-] [main]  INFO SynapseControllerFactory Using synapse.xml location : /media/nuwan/Data2/Projects/Code/gsoc/packs/synapse-3.0.2-SNAPSHOT/repository/conf/sample/synapse_sample_801.xml
2021-08-16 19:57:27,504 [-] [main]  INFO SynapseControllerFactory Using server name : localhost
2021-08-16 19:57:27,517 [-] [main]  INFO SynapseControllerFactory The timeout handler will run every : 15s
2021-08-16 19:57:27,579 [-] [main]  INFO Axis2SynapseController Initializing Synapse at : Mon Aug 16 19:57:27 IST 2021
2021-08-16 19:57:28,097 [-] [main]  INFO JMSSender JMS Sender started
2021-08-16 19:57:28,098 [-] [main]  INFO JMSSender JMS Transport Sender initialized...
2021-08-16 19:57:28,098 [-] [main]  INFO VFSTransportSender VFS Sender started
2021-08-16 19:57:28,194 [-] [main]  INFO PassThroughHttpSender Pass-through HTTP sender started...
2021-08-16 19:57:28,196 [-] [main]  INFO PassThroughHttpSSLSender Loading Identity Keystore from : lib/identity.jks
2021-08-16 19:57:28,237 [-] [main]  INFO PassThroughHttpSSLSender Loading Trust Keystore from : lib/trust.jks
2021-08-16 19:57:28,355 [-] [main]  INFO PassThroughHttpSSLSender Pass-through HTTPS sender started...
2021-08-16 19:57:28,449 [-] [main]  INFO PassThroughHttpSSLListener Loading Identity Keystore from : lib/identity.jks
2021-08-16 19:57:28,450 [-] [main]  INFO PassThroughHttpSSLListener Loading Trust Keystore from : lib/trust.jks
2021-08-16 19:57:28,454 [-] [main]  INFO Axis2SynapseController Loading mediator extensions...
2021-08-16 19:57:28,466 [-] [main]  INFO XMLConfigurationBuilder Generating the Synapse configuration model by parsing the XML configuration
2021-08-16 19:57:28,590 [-] [main]  INFO AddressEndpointFactory Environment variable TEST_SOAP_SERVICE replaced with http://localhost:9000/services/SimpleStockQuoteService
2021-08-16 19:57:28,596 [-] [main]  INFO SynapseConfigurationBuilder Loaded Synapse configuration from : /media/nuwan/Data2/Projects/Code/gsoc/packs/synapse-3.0.2-SNAPSHOT/repository/conf/sample/synapse_sample_801.xml
2021-08-16 19:57:28,605 [-] [main]  INFO Axis2SynapseController Deploying the Synapse service...
2021-08-16 19:57:28,623 [-] [main]  INFO Axis2SynapseController Deploying Proxy services...
2021-08-16 19:57:28,623 [-] [main]  INFO Axis2SynapseController Deploying EventSources...
2021-08-16 19:57:28,632 [-] [main]  INFO API Initializing API: StockQuoteAPI
2021-08-16 19:57:28,634 [-] [main]  INFO PassThroughHttpListener Starting pass-through HTTP listener...
2021-08-16 19:57:28,647 [-] [main]  INFO PassThroughHttpListener Pass-through HTTP listener started on port: 8280
2021-08-16 19:57:28,647 [-] [main]  INFO PassThroughHttpSSLListener Starting pass-through HTTPS listener...
2021-08-16 19:57:28,648 [-] [main]  INFO PassThroughHttpSSLListener Pass-through HTTPS listener started on port: 8243
2021-08-16 19:57:28,648 [-] [main]  INFO Axis2SynapseController Management using JMX available via: service:jmx:rmi:///jndi/rmi://nuwan-Aspire-A315-55G:1099/synapse
2021-08-16 19:57:28,650 [-] [main]  INFO TimeoutHandler This engine will expire all callbacks after : 180 seconds, irrespective of the timeout action, after the specified or optional timeout
2021-08-16 19:57:28,651 [-] [main]  INFO ServerManager Server ready for processing...
2021-08-16 19:57:28,652 [-] [main]  INFO SynapseServer Apache Synapse started successfully
2021-08-16 20:08:49,198 [-] [Thread-3]  INFO SynapseServer Shutting down Apache Synapse...
2021-08-16 20:08:49,202 [-] [Thread-3]  INFO SynapseTaskManager Shutting down the task manager
2021-08-16 20:08:49,203 [-] [Thread-3]  INFO PassThroughHttpListener Stopping pass-through HTTP listener..
2021-08-16 20:08:49,205 [-] [Thread-3]  INFO PassThroughHttpSSLListener Stopping pass-through HTTPS listener..
2021-08-16 20:08:49,205 [-] [PassThroughHTTPListener]  INFO PassThroughHttpListener HTTP listener shutdown.
2021-08-16 20:08:49,210 [-] [PassThroughHTTPSListener]  INFO PassThroughHttpSSLListener HTTPS listener shutdown.
2021-08-16 20:08:49,210 [-] [Thread-3]  INFO JMSSender JMS Sender Shutdown
2021-08-16 20:08:49,211 [-] [Thread-3]  INFO VFSTransportSender VFS Sender Shutdown
2021-08-16 20:08:49,213 [-] [PassThroughHTTPSender]  INFO PassThroughHttpSender HTTP sender shutdown
2021-08-16 20:08:49,213 [-] [PassThroughHTTPSSender]  INFO PassThroughHttpSSLSender HTTPS sender shutdown
2021-08-16 20:08:49,215 [-] [Thread-3]  INFO Axis2SynapseController Undeploying the Synapse service...
2021-08-16 20:08:49,216 [-] [Thread-3]  INFO Axis2SynapseController Undeploying Proxy services...
2021-08-16 20:08:49,217 [-] [Thread-3]  INFO Axis2SynapseController Undeploying EventSources...
2021-08-16 20:08:49,218 [-] [Thread-3]  INFO API Destroying API: StockQuoteAPI
2021-08-16 20:08:49,221 [-] [Thread-3]  INFO JmxAdapter JMXConnectorServer stopping on service:jmx:rmi:///jndi/rmi://nuwan-Aspire-A315-55G:1099/synapse
2021-08-16 20:08:49,228 [-] [Thread-3]  INFO RMIRegistryController Removing the RMI registry bound to port : 1099
2021-08-16 20:08:49,234 [-] [Thread-3]  INFO SynapseServer Apache Synapse shutdown complete
2021-08-16 20:08:49,234 [-] [Thread-3]  INFO SynapseServer Halting JVM
