localhost:8280 - - - "POST / HTTP/1.1" - - "-" "Axis2"
localhost:9000 - - - "POST /services/SimpleStockQuoteService HTTP/1.1" - - "-" "Synapse-PT-HttpComponents-NIO"
localhost:8280 - - - "POST / HTTP/1.1" - - "-" "Axis2"
-  - Mon, 07 Jun 2021 05:49:16 GMT "- - " 200 - "-" "-"
localhost:9000 - - - "POST /services/SimpleStockQuoteService HTTP/1.1" - - "-" "Synapse-PT-HttpComponents-NIO"
-  - Mon, 07 Jun 2021 05:49:16 GMT "- - " 200 - "-" "-"
-  - Mon, 07 Jun 2021 05:49:29 GMT "- - " 200 - "-" "-"
-  - Mon, 07 Jun 2021 05:49:29 GMT "- - " 200 - "-" "-"
localhost:8280 - - - "POST /services/EventingProxy HTTP/1.1" - - "-" "Axis2"
localhost:9000 - - - "POST /services/SimpleStockQuoteService HTTP/1.1" - - "-" "Synapse-PT-HttpComponents-NIO"
-  - Mon, 07 Jun 2021 05:51:03 GMT "- - " 202 - "-" "-"
localhost:8280 - - - "POST /services/EventingProxy HTTP/1.1" - - "-" "Axis2"
-  - Mon, 07 Jun 2021 05:51:03 GMT "- - " 202 - "-" "-"
localhost:9000 - - - "POST /services/SimpleStockQuoteService HTTP/1.1" - - "-" "Synapse-PT-HttpComponents-NIO"
-  - Mon, 07 Jun 2021 05:51:16 GMT "- - " 202 - "-" "-"
-  - Mon, 07 Jun 2021 05:51:16 GMT "- - " 202 - "-" "-"
127.0.0.1:8280 - - - "GET /stockquote/view/IBM HTTP/1.1" - - "-" "curl/7.68.0"
localhost:9000 - - - "POST /services/SimpleStockQuoteService HTTP/1.1" - - "-" "Synapse-PT-HttpComponents-NIO"
-  - Mon, 07 Jun 2021 07:33:40 GMT "- - " 200 - "-" "-"
-  - Mon, 07 Jun 2021 07:33:40 GMT "- - " 200 - "-" "-"
127.0.0.1:8280 - - - "GET /stockquote/view/MSFT HTTP/1.1" - - "-" "curl/7.68.0"
-  - Mon, 07 Jun 2021 07:40:37 GMT "- - " 200 - "-" "-"
localhost:9000 - - - "POST /services/SimpleStockQuoteService HTTP/1.1" - - "-" "Synapse-PT-HttpComponents-NIO"
-  - Mon, 07 Jun 2021 07:40:37 GMT "- - " 200 - "-" "-"
127.0.0.1:8280 - - - "GET /stockquote/view/MSFT HTTP/1.1" - - "-" "insomnia/2021.3.0"
-  - Mon, 07 Jun 2021 07:59:14 GMT "- - " 200 - "-" "-"
localhost:9000 - - - "POST /services/SimpleStockQuoteService HTTP/1.1" - - "-" "Synapse-PT-HttpComponents-NIO"
-  - Mon, 07 Jun 2021 07:59:14 GMT "- - " 200 - "-" "-"
127.0.0.1:8280 - - - "GET /stockquote/view/IBM HTTP/1.1" - - "-" "insomnia/2021.3.0"
-  - Mon, 07 Jun 2021 07:59:25 GMT "- - " 200 - "-" "-"
localhost:9000 - - - "POST /services/SimpleStockQuoteService HTTP/1.1" - - "-" "Synapse-PT-HttpComponents-NIO"
-  - Mon, 07 Jun 2021 07:59:25 GMT "- - " 200 - "-" "-"
127.0.0.1:8280 - - - "GET /stockquote/view/MSFT HTTP/1.1" - - "-" "insomnia/2021.3.0"
-  - Mon, 07 Jun 2021 07:59:30 GMT "- - " 200 - "-" "-"
localhost:9000 - - - "POST /services/SimpleStockQuoteService HTTP/1.1" - - "-" "Synapse-PT-HttpComponents-NIO"
-  - Mon, 07 Jun 2021 07:59:30 GMT "- - " 200 - "-" "-"
