localhost:8280 - - - "POST / HTTP/1.1" - - "-" "Axis2"
localhost:8280 - - - "POST / HTTP/1.1" - - "-" "Axis2"
localhost:9000 - - - "POST /services/SimpleStockQuoteService HTTP/1.1" - - "-" "Synapse-PT-HttpComponents-NIO"
-  - Sat, 05 Jun 2021 14:47:28 GMT "- - " 200 - "-" "-"
-  - Sat, 05 Jun 2021 14:47:28 GMT "- - " 200 - "-" "-"
localhost:8280 - - - "POST /services/StockQuoteProxy HTTP/1.1" - - "-" "Axis2"
localhost:9000 - - - "POST /services/SimpleStockQuoteService HTTP/1.1" - - "-" "Synapse-PT-HttpComponents-NIO"
localhost:8280 - - - "POST /services/StockQuoteProxy HTTP/1.1" - - "-" "Axis2"
-  - Sat, 05 Jun 2021 14:59:39 GMT "- - " 200 - "-" "-"
localhost:9000 - - - "POST /services/SimpleStockQuoteService HTTP/1.1" - - "-" "Synapse-PT-HttpComponents-NIO"
-  - Sat, 05 Jun 2021 14:59:39 GMT "- - " 200 - "-" "-"
-  - Sat, 05 Jun 2021 15:00:03 GMT "- - " 200 - "-" "-"
-  - Sat, 05 Jun 2021 15:00:03 GMT "- - " 200 - "-" "-"
localhost:8280 - - - "POST /services/StockQuoteProxy HTTP/1.1" - - "-" "Axis2"
localhost:8280 - - - "POST / HTTP/1.1" - - "-" "Axis2"
localhost:8280 - - - "POST /services/StockQuoteProxy HTTP/1.1" - - "-" "Axis2"
localhost:8280 - - - "POST /services/StockQuoteProxy HTTP/1.1" - - "-" "Axis2"
localhost:9000 - - - "POST /services/SimpleStockQuoteService HTTP/1.1" - - "-" "Synapse-PT-HttpComponents-NIO"
-  - Sat, 05 Jun 2021 15:11:28 GMT "- - " 200 - "-" "-"
-  - Sat, 05 Jun 2021 15:11:28 GMT "- - " 200 - "-" "-"
-  - Sat, 05 Jun 2021 15:27:41 GMT "- - " 200 - "-" "-"
localhost:8280 - - - "POST /services/StockQuote HTTP/1.1" - - "-" "Axis2"
-  - Sat, 05 Jun 2021 15:27:41 GMT "- - " 200 - "-" "-"
localhost:9000 - - - "POST /services/SimpleStockQuoteService HTTP/1.1" - - "-" "Synapse-PT-HttpComponents-NIO"
localhost:8280 - - - "POST / HTTP/1.1" - - "-" "Axis2"
localhost:9000 - - - "POST /services/SimpleStockQuoteService HTTP/1.1" - - "-" "Synapse-PT-HttpComponents-NIO"
-  - Sat, 05 Jun 2021 15:47:38 GMT "- - " 200 - "-" "-"
-  - Sat, 05 Jun 2021 15:47:38 GMT "- - " 200 - "-" "-"
